<?xml version="1.0" encoding="UTF-8"?>
<!-- Generated by org.testng.reporters.JUnitReportReporter -->
<testsuite hostname="CampsPC" failures="0" tests="3" name="porDefecto.changeProductsTest" time="11.861" errors="0" timestamp="2023-12-26T20:07:45 CET" skipped="0">
  <testcase classname="porDefecto.changeProductsTest" name="runScenario" time="4.263"/>
  <testcase classname="porDefecto.changeProductsTest" name="runScenario" time="4.273"/>
  <testcase classname="porDefecto.changeProductsTest" name="runScenario" time="3.325"/>
</testsuite> <!-- porDefecto.changeProductsTest -->
