<?xml version="1.0" encoding="UTF-8"?>
<!-- Generated by org.testng.reporters.JUnitReportReporter -->
<testsuite hostname="CampsPC" failures="0" tests="6" name="porDefecto.changeProductsTest" time="17.960" errors="3" timestamp="2024-01-20T19:25:15 CET" skipped="0">
  <testcase classname="porDefecto.changeProductsTest" name="runScenario" time="4.075"/>
  <testcase classname="porDefecto.changeProductsTest" name="runScenario" time="1.947">
    <error message="Cannot locate option with text: Awakening of the New Era
For documentation on this error, please visit: https://www.selenium.dev/documentation/webdriver/troubleshooting/errors#no-such-element-exception
Build info: version: &#039;4.15.0&#039;, revision: &#039;1d14b5521b&#039;
System info: os.name: &#039;Windows 11&#039;, os.arch: &#039;amd64&#039;, os.version: &#039;10.0&#039;, java.version: &#039;17.0.9&#039;
Driver info: driver.version: unknown" type="org.openqa.selenium.NoSuchElementException">
      <![CDATA[org.openqa.selenium.NoSuchElementException: Cannot locate option with text: Awakening of the New Era
For documentation on this error, please visit: https://www.selenium.dev/documentation/webdriver/troubleshooting/errors#no-such-element-exception
Build info: version: '4.15.0', revision: '1d14b5521b'
System info: os.name: 'Windows 11', os.arch: 'amd64', os.version: '10.0', java.version: '17.0.9'
Driver info: driver.version: unknown
at org.openqa.selenium.support.ui.Select.selectByVisibleText(Select.java:153)
at steps.CardMarketSteps.changeEditionTo(CardMarketSteps.java:538)
at ✽.the user change the edition to Awakening of the New Era(file:///C:/Users/oriol/Desktop/UNI/TQS/TQS-Web-Test/src/test/java/features/Buscador.feature:20)
]]>
    </error>
  </testcase> <!-- runScenario -->
  <testcase classname="porDefecto.changeProductsTest" name="runScenario" time="4.434"/>
  <testcase classname="porDefecto.changeProductsTest" name="runScenario" time="4.177"/>
  <testcase classname="porDefecto.changeProductsTest" name="runScenario" time="1.800">
    <error message="Cannot locate option with text: Paramount War
For documentation on this error, please visit: https://www.selenium.dev/documentation/webdriver/troubleshooting/errors#no-such-element-exception
Build info: version: &#039;4.15.0&#039;, revision: &#039;1d14b5521b&#039;
System info: os.name: &#039;Windows 11&#039;, os.arch: &#039;amd64&#039;, os.version: &#039;10.0&#039;, java.version: &#039;17.0.9&#039;
Driver info: driver.version: unknown" type="org.openqa.selenium.NoSuchElementException">
      <![CDATA[org.openqa.selenium.NoSuchElementException: Cannot locate option with text: Paramount War
For documentation on this error, please visit: https://www.selenium.dev/documentation/webdriver/troubleshooting/errors#no-such-element-exception
Build info: version: '4.15.0', revision: '1d14b5521b'
System info: os.name: 'Windows 11', os.arch: 'amd64', os.version: '10.0', java.version: '17.0.9'
Driver info: driver.version: unknown
at org.openqa.selenium.support.ui.Select.selectByVisibleText(Select.java:153)
at steps.CardMarketSteps.changeEditionTo(CardMarketSteps.java:538)
at ✽.the user change the edition to Paramount War(file:///C:/Users/oriol/Desktop/UNI/TQS/TQS-Web-Test/src/test/java/features/Buscador.feature:20)
]]>
    </error>
  </testcase> <!-- runScenario -->
  <testcase classname="porDefecto.changeProductsTest" name="runScenario" time="1.527">
    <error message="Cannot locate option with text: Kingdoms of Intrigue
For documentation on this error, please visit: https://www.selenium.dev/documentation/webdriver/troubleshooting/errors#no-such-element-exception
Build info: version: &#039;4.15.0&#039;, revision: &#039;1d14b5521b&#039;
System info: os.name: &#039;Windows 11&#039;, os.arch: &#039;amd64&#039;, os.version: &#039;10.0&#039;, java.version: &#039;17.0.9&#039;
Driver info: driver.version: unknown" type="org.openqa.selenium.NoSuchElementException">
      <![CDATA[org.openqa.selenium.NoSuchElementException: Cannot locate option with text: Kingdoms of Intrigue
For documentation on this error, please visit: https://www.selenium.dev/documentation/webdriver/troubleshooting/errors#no-such-element-exception
Build info: version: '4.15.0', revision: '1d14b5521b'
System info: os.name: 'Windows 11', os.arch: 'amd64', os.version: '10.0', java.version: '17.0.9'
Driver info: driver.version: unknown
at org.openqa.selenium.support.ui.Select.selectByVisibleText(Select.java:153)
at steps.CardMarketSteps.changeEditionTo(CardMarketSteps.java:538)
at ✽.the user change the edition to Kingdoms of Intrigue(file:///C:/Users/oriol/Desktop/UNI/TQS/TQS-Web-Test/src/test/java/features/Buscador.feature:20)
]]>
    </error>
  </testcase> <!-- runScenario -->
</testsuite> <!-- porDefecto.changeProductsTest -->
