<?xml version="1.0" encoding="UTF-8"?>
<!-- Generated by org.testng.reporters.JUnitReportReporter -->
<testsuite hostname="CampsPC" failures="0" tests="4" name="porDefecto.searchCardTest" time="10.854" errors="0" timestamp="2023-12-26T19:44:21 CET" skipped="0">
  <testcase classname="porDefecto.searchCardTest" name="runScenario" time="3.132"/>
  <testcase classname="porDefecto.searchCardTest" name="runScenario" time="3.360"/>
  <testcase classname="porDefecto.searchCardTest" name="runScenario" time="1.594"/>
  <testcase classname="porDefecto.searchCardTest" name="runScenario" time="2.768"/>
</testsuite> <!-- porDefecto.searchCardTest -->
