<?xml version="1.0" encoding="UTF-8"?>
<!-- Generated by org.testng.reporters.JUnitReportReporter -->
<testsuite hostname="CampsPC" failures="0" tests="3" name="porDefecto.filterByLanguageTest" time="8.938" errors="0" timestamp="2023-12-26T19:06:39 CET" skipped="0">
  <testcase classname="porDefecto.filterByLanguageTest" name="runScenario" time="3.276"/>
  <testcase classname="porDefecto.filterByLanguageTest" name="runScenario" time="2.835"/>
  <testcase classname="porDefecto.filterByLanguageTest" name="runScenario" time="2.827"/>
</testsuite> <!-- porDefecto.filterByLanguageTest -->
