<?xml version="1.0" encoding="UTF-8"?>
<!-- Generated by org.testng.reporters.JUnitReportReporter -->
<testsuite hostname="Oriol--PC" failures="0" tests="3" name="porDefecto.changeProductsTest" time="22.855" errors="0" timestamp="2023-12-21T13:41:59 CET" skipped="0">
  <testcase classname="porDefecto.changeProductsTest" name="runScenario" time="7.279"/>
  <testcase classname="porDefecto.changeProductsTest" name="runScenario" time="8.834"/>
  <testcase classname="porDefecto.changeProductsTest" name="runScenario" time="6.742"/>
</testsuite> <!-- porDefecto.changeProductsTest -->
